0 info it worked if it ends with ok
1 verbose cli [ '/home/cristi/.nvm/versions/node/v6.0.0/bin/node',
1 verbose cli   '/home/cristi/.nvm/versions/node/v6.0.0/bin/npm',
1 verbose cli   'run',
1 verbose cli   'start-server' ]
2 info using npm@3.8.6
3 info using node@v6.0.0
4 verbose run-script [ 'prestart-server', 'start-server', 'poststart-server' ]
5 info lifecycle pacman@1.1.0~prestart-server: pacman@1.1.0
6 silly lifecycle pacman@1.1.0~prestart-server: no script for prestart-server, continuing
7 info lifecycle pacman@1.1.0~start-server: pacman@1.1.0
8 verbose lifecycle pacman@1.1.0~start-server: unsafe-perm in lifecycle true
9 verbose lifecycle pacman@1.1.0~start-server: PATH: /home/cristi/.nvm/versions/node/v6.0.0/lib/node_modules/npm/bin/node-gyp-bin:/home/cristi/Desktop/CAVI/pacman/node_modules/.bin:/home/cristi/.nvm/versions/node/v6.0.0/bin:/usr/local/heroku/bin:/home/cristi/.nvm/versions/node/v6.0.0/bin:/home/cristi/.local/share/umake/bin:/usr/local/sbin:/usr/local/bin:/usr/sbin:/usr/bin:/sbin:/bin:/usr/games:/usr/local/games:/home/cristi/Android/Sdk/tools:/home/cristi/Android/Sdk/platform-tools
10 verbose lifecycle pacman@1.1.0~start-server: CWD: /home/cristi/Desktop/CAVI/pacman
11 silly lifecycle pacman@1.1.0~start-server: Args: [ '-c',
11 silly lifecycle   'babel ./client/js/src/start.js --out-file ./client/js/dist/babel/start.js && babel ./client/js/src/game.js --out-file ./client/js/dist/babel/game.js && browserify ./client/js/dist/babel/game.js -o ./client/js/dist/browserified/game.js && browserify ./client/js/dist/babel/start.js -o ./client/js/dist/browserified/start.js && node ./server/dist/index.js' ]
12 silly lifecycle pacman@1.1.0~start-server: Returned: code: 1  signal: null
13 info lifecycle pacman@1.1.0~start-server: Failed to exec start-server script
14 verbose stack Error: pacman@1.1.0 start-server: `babel ./client/js/src/start.js --out-file ./client/js/dist/babel/start.js && babel ./client/js/src/game.js --out-file ./client/js/dist/babel/game.js && browserify ./client/js/dist/babel/game.js -o ./client/js/dist/browserified/game.js && browserify ./client/js/dist/babel/start.js -o ./client/js/dist/browserified/start.js && node ./server/dist/index.js`
14 verbose stack Exit status 1
14 verbose stack     at EventEmitter.<anonymous> (/home/cristi/.nvm/versions/node/v6.0.0/lib/node_modules/npm/lib/utils/lifecycle.js:239:16)
14 verbose stack     at emitTwo (events.js:106:13)
14 verbose stack     at EventEmitter.emit (events.js:191:7)
14 verbose stack     at ChildProcess.<anonymous> (/home/cristi/.nvm/versions/node/v6.0.0/lib/node_modules/npm/lib/utils/spawn.js:24:14)
14 verbose stack     at emitTwo (events.js:106:13)
14 verbose stack     at ChildProcess.emit (events.js:191:7)
14 verbose stack     at maybeClose (internal/child_process.js:850:16)
14 verbose stack     at Process.ChildProcess._handle.onexit (internal/child_process.js:215:5)
15 verbose pkgid pacman@1.1.0
16 verbose cwd /home/cristi/Desktop/CAVI/pacman
17 error Linux 4.2.0-42-generic
18 error argv "/home/cristi/.nvm/versions/node/v6.0.0/bin/node" "/home/cristi/.nvm/versions/node/v6.0.0/bin/npm" "run" "start-server"
19 error node v6.0.0
20 error npm  v3.8.6
21 error code ELIFECYCLE
22 error pacman@1.1.0 start-server: `babel ./client/js/src/start.js --out-file ./client/js/dist/babel/start.js && babel ./client/js/src/game.js --out-file ./client/js/dist/babel/game.js && browserify ./client/js/dist/babel/game.js -o ./client/js/dist/browserified/game.js && browserify ./client/js/dist/babel/start.js -o ./client/js/dist/browserified/start.js && node ./server/dist/index.js`
22 error Exit status 1
23 error Failed at the pacman@1.1.0 start-server script 'babel ./client/js/src/start.js --out-file ./client/js/dist/babel/start.js && babel ./client/js/src/game.js --out-file ./client/js/dist/babel/game.js && browserify ./client/js/dist/babel/game.js -o ./client/js/dist/browserified/game.js && browserify ./client/js/dist/babel/start.js -o ./client/js/dist/browserified/start.js && node ./server/dist/index.js'.
23 error Make sure you have the latest version of node.js and npm installed.
23 error If you do, this is most likely a problem with the pacman package,
23 error not with npm itself.
23 error Tell the author that this fails on your system:
23 error     babel ./client/js/src/start.js --out-file ./client/js/dist/babel/start.js && babel ./client/js/src/game.js --out-file ./client/js/dist/babel/game.js && browserify ./client/js/dist/babel/game.js -o ./client/js/dist/browserified/game.js && browserify ./client/js/dist/babel/start.js -o ./client/js/dist/browserified/start.js && node ./server/dist/index.js
23 error You can get information on how to open an issue for this project with:
23 error     npm bugs pacman
23 error Or if that isn't available, you can get their info via:
23 error     npm owner ls pacman
23 error There is likely additional logging output above.
24 verbose exit [ 1, true ]
